<?xml version="1.0" encoding="UTF-8"?>
<!-- Generated by org.testng.reporters.JUnitReportReporter -->
<testsuite hostname="DESKTOP-JTSU40M" failures="0" tests="1" name="com.actitime.testscript.CustomerModule" time="23.566" errors="0" timestamp="2021-09-17T11:56:37 IST" skipped="0">
  <testcase classname="com.actitime.testscript.CustomerModule" name="testCreateCustomer" time="23.566"/>
  <system-out>
    <![CDATA[Customer name ieHDFC_001 successfully created]]>
  </system-out>
</testsuite> <!-- com.actitime.testscript.CustomerModule -->
